make --dry-run --always-make --keep-going --print-directory
make: Entering directory `/Users/sel-mars/Desktop/cub3D'
cc -Wall -Wextra -Werror -c -o gnl/get_next_line.o gnl/get_next_line.c
cc -Wall -Wextra -Werror -c -o gnl/get_next_line_utils.o gnl/get_next_line_utils.c
cc -Wall -Wextra -Werror -c -o assets/general/general_utils.o assets/general/general_utils.c
cc -Wall -Wextra -Werror -c -o assets/cub3d.o assets/cub3d.c
cc -Wall -Wextra -Werror -c -o assets/parsing/parsing.o assets/parsing/parsing.c
cc -Wall -Wextra -Werror -c -o assets/mlx/init_mlx_ptrs.o assets/mlx/init_mlx_ptrs.c
cc -Wall -Wextra -Werror -c -o assets/mlx/init_walls.o assets/mlx/init_walls.c
cc -Wall -Wextra -Werror -c -o assets/mlx/mlx_utils.o assets/mlx/mlx_utils.c
cc -Wall -Wextra -Werror -c -o assets/mlx/key_hook.o assets/mlx/key_hook.c
cc -Wall -Wextra -Werror -c -o assets/mlx/leave.o assets/mlx/leave.c
cc -Wall -Wextra -Werror -c -o assets/render/update.o assets/render/update.c
cc -Wall -Wextra -Werror -c -o assets/render/render.o assets/render/render.c
cc -Wall -Wextra -Werror -c -o assets/raycast/raycast.o assets/raycast/raycast.c
cc -Wall -Wextra -Werror -c -o assets/raycast/wall_hit.o assets/raycast/wall_hit.c
printf "\033[0;33m\n---------------------------------------- \033[0;0m\n\n"
printf "\033[1;33m\tMaking \`libft\` library \033[0;0m\n"
printf "\033[0;33m\n---------------------------------------- \033[0;0m\n\n"
sleep 2
make -C libft
sleep 1
printf "\033[0;34m\n--------------------------------------------------- \033[0;0m\n\n"
printf "\033[1;34m\tSuccessfully made \`libft\` library \033[0;0m\n"
printf "\033[0;34m\n--------------------------------------------------- \033[0;0m\n\n"
sleep 2
printf "\033[0;33m\n----------------------------------------------------- \033[0;0m\n\n"
printf "\033[1;33m\tMaking \`minilibx\` graphical library \033[0;0m\n"
printf "\033[0;33m\n----------------------------------------------------- \033[0;0m\n\n"
sleep 2
make -C mlx
sleep 1
printf "\033[0;34m\n---------------------------------------------------------------- \033[0;0m\n\n"
printf "\033[1;34m\tSuccessfully made \`minilibx\` graphical library \033[0;0m\n"
printf "\033[0;34m\n---------------------------------------------------------------- \033[0;0m\n\n"
sleep 2
printf "\033[0;33m\n---------------------------------------------------------------- \033[0;0m\n\n"
printf "\033[1;33m\tGathering \`cub3D\` object files into library \033[0;0m\n"
printf "\033[0;33m\n---------------------------------------------------------------- \033[0;0m\n\n"
sleep 2
ar rc libcub3d.a gnl/get_next_line.o gnl/get_next_line_utils.o assets/general/general_utils.o assets/cub3d.o assets/parsing/parsing.o assets/mlx/init_mlx_ptrs.o assets/mlx/init_walls.o assets/mlx/mlx_utils.o assets/mlx/key_hook.o assets/mlx/leave.o assets/render/update.o assets/render/render.o assets/raycast/raycast.o assets/raycast/wall_hit.o
sleep 1
printf "\033[0;34m\n-------------------------------------------------------- \033[0;0m\n\n"
printf "\033[1;34m\tSuccessfully gathered \`cub3D\` library \033[0;0m\n"
printf "\033[0;34m\n-------------------------------------------------------- \033[0;0m\n\n"
sleep 2
printf "\033[0;33m\n-------------------------------------------------------- \033[0;0m\n\n"
printf "\033[1;33m\tCompiling \`cub3D\` binary executable \033[0;0m\n"
printf "\033[0;33m\n-------------------------------------------------------- \033[0;0m\n\n"
sleep 2
cc -Wall -Wextra -Werror assets/main.c -L. -lcub3d -L./libft -lft -L./mlx -lmlx -framework OpenGL -framework AppKit -o cub3D
sleep 1
printf "\033[0;34m\n-------------------------------------------------------- \033[0;0m\n\n"
printf "\033[1;34m\tSuccessfully compiled \`cub3D\` executable \033[0;0m\n"
printf "\033[0;34m\n-------------------------------------------------------- \033[0;0m\n\n"
sleep 2
printf "\033[1;32m\n\n---------------------------------------------- \033[0;0m\n\n"
printf "\033[1;32m\t      Cub3D Game is ready \033[0;0m\n"
printf "\033[0;32m\t-- ./cub3D path_to_math_file -- \033[0;0m\n"
printf "\033[1;32m\n---------------------------------------------- \033[0;0m\n\n"
make: Leaving directory `/Users/sel-mars/Desktop/cub3D'
 
